[	01-01-2019 11:20:14	] [BAN ACTION] A new ban record has been added. Player: 'ALEX1235' was banned by 'Satansmom' for 'Niet onze player.' until '1-1-3000 00:00:00' (forever).
[	01-01-2019 12:14:19	] [BAN ACTION] A new ban record has been added. Player: 'y4nnou' was banned by 'Satansmom' for 'Hulpvoertuig stelen.' until '2-1-2019 12:14:19'.
[	02-01-2019 10:14:30	] [BAN ACTION] A new ban record has been added. Player: 'Nibroski' was banned by 'Satansmom' for 'Wat een lul ben je ook..' until '3-1-2019 10:14:30'.
[	02-01-2019 10:15:04	] [BAN ACTION] A new ban record has been added. Player: 'milan2123' was banned by 'Satansmom' for 'lulletje wat doe je nou' until '3-1-2019 10:15:04'.
[	02-01-2019 13:00:13	] [BAN ACTION] A new ban record has been added. Player: '_Gzygl42_' was banned by 'Satansmom' for 'Stelen van hulpvoertuig.' until '3-1-2019 13:00:13'.
[	03-01-2019 15:23:51	] [KICK ACTION] Player: Satansmom has kicked: kevgames for: You have been kicked. Reason: niet stelen.
[	03-01-2019 22:18:15	] [BAN ACTION] The following ban record has been removed (player unbanned). The player has been unbanned because their ban duration expired. [Player: _Gzygl42_ was banned by Satansmom for Stelen van hulpvoertuig. until 3-1-2019 22:00:13.]
[	03-01-2019 22:46:56	] [BAN ACTION] The following ban record has been removed (player unbanned). The player has been unbanned because their ban duration expired. [Player: Nibroski was banned by Satansmom for Wat een lul ben je ook.. until 3-1-2019 10:14:30.]
[	04-01-2019 20:21:38	] [KICK ACTION] Player: Satansmom has kicked: pokeloek for: You have been kicked. Reason: gta style driving.
[	06-01-2019 14:23:22	] [KICK ACTION] Player: Chummytim has kicked: ZREKA for: You have been kicked. Reason: Gta style spelen, dit is een rollplay server. houd je aan de regels.
[	19-01-2019 00:52:43	] [KICK ACTION] Player: Chummytim has kicked: BasDalfsen for: You have been kicked. Reason: Gedraag je!.
[	19-01-2019 00:52:57	] [KICK ACTION] Player: Chummytim has kicked: Lubertus for: You have been kicked. Reason: Jij ook!.
[	19-01-2019 13:44:17	] [KICK ACTION] Player: Chummytim has kicked: BarBaPaPa for: You have been kicked. Reason: Gta driving .
[	20-01-2019 16:42:19	] [BAN ACTION] The following ban record has been removed (player unbanned). The player has been unbanned because their ban duration expired. [Player: milan2123 was banned by Satansmom for lulletje wat doe je nou until 3-1-2019 10:15:04.]
[	21-01-2019 17:41:14	] [KICK ACTION] Player: Chummytim has kicked: mohammedbeikit for: You have been kicked. Reason: Failrp rijden .
[	21-01-2019 21:34:30	] [BAN ACTION] A new ban record has been added. Player: 't.tv/JxkeGotCake' was banned by 'Chummytim' for 'Banned by staff. Schelden met kanker' until '23-1-2019 21:34:30'.
[	21-01-2019 21:43:42	] [KICK ACTION] Player: Chummytim has kicked: TommieARC for: You have been kicked. Reason: Stop met spammen.
[	21-01-2019 21:44:21	] [BAN ACTION] A new ban record has been added. Player: 'rickkert' was banned by 'Chummytim' for 'Banned by staff.lekker huilen bij een andere server' until '20-2-2019 21:44:21'.
[	21-01-2019 22:05:24	] [BAN ACTION] A new ban record has been added. Player: 'alieand' was banned by 'Chummytim' for 'Banned by staff.schelden + rdm' until '20-2-2019 22:05:24'.
[	21-01-2019 22:10:14	] [BAN ACTION] The following ban record has been removed (player unbanned). [Player: alieand was banned by Chummytim for Banned by staff.schelden + rdm until 20-2-2019 22:05:24.]
[	21-01-2019 22:26:26	] [BAN ACTION] A new ban record has been added. Player: 'TommieARC' was banned by 'Chummytim' for 'Banned by staff.Vdm' until '20-2-2019 22:26:26'.
[	21-01-2019 22:26:48	] [BAN ACTION] A new ban record has been added. Player: 'alieand' was banned by 'Chummytim' for 'Banned by staff.' until '20-2-2019 22:26:48'.
[	22-01-2019 18:50:36	] [BAN ACTION] A new ban record has been added. Player: 'octo' was banned by 'Chummytim' for 'Banned by staff. Overheids voertuig stelen niet serieus kunnen zijn' until '21-2-2019 18:50:36'.
[	22-01-2019 19:51:39	] [KICK ACTION] Player: Satansmom has kicked: KristianNL for: You have been kicked. Reason: Stelen van hulpvoertuig.
[	23-01-2019 16:26:45	] [BAN ACTION] A new ban record has been added. Player: 'SupremeQueen' was banned by 'Chummytim' for 'Banned by staff.overheids voertuig stelen ' until '25-1-2019 16:26:45'.
[	23-01-2019 22:23:11	] [BAN ACTION] A new ban record has been added. Player: 'Virxei' was banned by 'Chummytim' for 'Banned by staff.Overheids voertuig gestolen' until '24-1-2019 22:23:11'.
[	23-01-2019 22:24:02	] [BAN ACTION] The following ban record has been removed (player unbanned). [Player: Virxei was banned by Chummytim for Banned by staff.Overheids voertuig gestolen until 24-1-2019 22:23:11.]
[	23-01-2019 22:24:46	] [BAN ACTION] A new ban record has been added. Player: 'Trainz2016' was banned by 'Chummytim' for 'Banned by staff.Overheids voertuig gestolen' until '24-1-2019 18:24:46'.
[	24-01-2019 22:03:00	] [BAN ACTION] A new ban record has been added. Player: 'Kevin51' was banned by 'Chummytim' for 'Banned by staff. failrp' until '25-1-2019 22:03:00'.
[	24-01-2019 22:03:07	] [BAN ACTION] A new ban record has been added. Player: 'InvalidPlayerName' was banned by 'Satansmom' for 'Gta style driving aanrijden van politie' until '25-1-2019 10:03:07'.
[	24-01-2019 22:04:10	] [BAN ACTION] A new ban record has been added. Player: 'RISE' was banned by 'Chummytim' for 'Banned by staff.failrp' until '25-1-2019 22:04:10'.
[	24-01-2019 22:06:19	] [BAN ACTION] A new ban record has been added. Player: 'Hedwig' was banned by 'Chummytim' for 'Banned by staff.Je bent een idioot' until '23-2-2019 22:06:19'.
[	26-01-2019 13:19:14	] [KICK ACTION] Player: Boyka has kicked: QuinJoes for: You have been kicked. Reason: Na een waarschuwing niet aanpassen.
[	26-01-2019 16:38:03	] [KICK ACTION] Player: Chummytim has kicked: Cypre for: You have been kicked. Reason: Fail rp leven niet waarderen.
[	26-01-2019 16:56:36	] [BAN ACTION] The following ban record has been removed (player unbanned). The player has been unbanned because their ban duration expired. [Player: SupremeQueen was banned by Chummytim for Banned by staff.overheids voertuig stelen  until 25-1-2019 16:26:45.]
[	27-01-2019 00:33:44	] [KICK ACTION] Player: Satansmom has kicked: unknown1337 for: You have been kicked. Reason: meth farmen op een rare manier, niet reageren.  .
[	27-01-2019 19:02:23	] [KICK ACTION] Player: Satansmom has kicked: ZeroEnator for: You have been kicked. Reason: FF regels lezen aub.
[	27-01-2019 19:02:35	] [KICK ACTION] Player: Satansmom has kicked: JnE'GG' for: You have been kicked. Reason: Jij ook.
[	27-01-2019 23:01:48	] [KICK ACTION] Player: Chummytim has kicked: Tiny for: You have been kicked. Reason: Mensen killen bij een greenzone.
[	28-01-2019 19:15:00	] [BAN ACTION] A new ban record has been added. Player: 'QuinJoes' was banned by 'Johnny' for 'Combat logging.' until '29-1-2019 07:15:00'.
[	28-01-2019 19:22:59	] [BAN ACTION] The following ban record has been removed (player unbanned). [Player: QuinJoes was banned by Johnny for Combat logging. until 29-1-2019 07:15:00.]
[	28-01-2019 19:49:20	] [BAN ACTION] A new ban record has been added. Player: 'Tiny' was banned by 'Chummytim' for 'Banned by staff. Geweld in greenzone, even de regels doorlezen!' until '29-1-2019 10:49:20'.
[	28-01-2019 20:21:12	] [KICK ACTION] Player: Satansmom has kicked: Peppah for: You have been kicked. Reason: je zet je motor niet midden op straat.
[	28-01-2019 22:11:01	] [BAN ACTION] A new ban record has been added. Player: 'TafelBlad' was banned by 'Satansmom' for 'gta style driving + vdm ' until '29-1-2019 10:11:01'.
[	29-01-2019 13:28:23	] [BAN ACTION] The following ban record has been removed (player unbanned). The player has been unbanned because their ban duration expired. [Player: TafelBlad was banned by Satansmom for gta style driving + vdm  until 29-1-2019 10:11:01.]
[	29-01-2019 16:24:54	] [KICK ACTION] Player: Chummytim has kicked: JnE'GG' for: You have been kicked. Reason: Green zone.
[	29-01-2019 17:16:47	] [BAN ACTION] The following ban record has been removed (player unbanned). [Player: Tiny was banned by Chummytim for Banned by staff. Geweld in greenzone, even de regels doorlezen! until 29-1-2019 10:49:20.]
[	29-01-2019 17:51:31	] [BAN ACTION] A new ban record has been added. Player: 'Matthijs' was banned by 'Johnny' for 'Banned by staff. doei' until '28-2-2019 17:51:31'.
[	29-01-2019 18:17:29	] [KICK ACTION] Player: Chummytim has kicked: Kroketjez for: You have been kicked. Reason: Vdm.
[	29-01-2019 18:33:15	] [BAN ACTION] A new ban record has been added. Player: 'Firblo' was banned by 'Johnny' for 'RDM 2e keer. Eerst een kick gehad, nu een ban.' until '30-1-2019 18:33:15'.
[	29-01-2019 18:46:59	] [BAN ACTION] A new ban record has been added. Player: 'Lil_Zelden X__X' was banned by 'Chummytim' for 'Banned by staff. Gta driving' until '29-1-2019 20:46:59'.
[	29-01-2019 19:46:07	] [KICK ACTION] Player: Chummytim has kicked: VulleWestvloaming for: You have been kicked. Reason: Let op je taalgebruik!!.
[	29-01-2019 21:02:06	] [BAN ACTION] A new ban record has been added. Player: 'AltijdMaarTijn' was banned by 'Chummytim' for 'Banned by staff.Failrp Persoon doodschieten om een auto te pakken' until '30-1-2019 21:02:06'.
[	29-01-2019 21:23:51	] [BAN ACTION] A new ban record has been added. Player: 'JnE'GG'' was banned by 'Chummytim' for 'Banned by staff. Kom maar terug als je serieus gaat spelen!!' until '31-1-2019 21:23:51'.
[	30-01-2019 14:05:53	] [BAN ACTION] A new ban record has been added. Player: 'MASIEFEFAPPER69' was banned by 'Chummytim' for 'Banned by staff. Teleport hack!' until '1-1-3000 00:00:00' (forever).
[	30-01-2019 17:25:11	] [KICK ACTION] Player: Chummytim has kicked: sh33p for: You have been kicked. Reason: Let op je taalgebruik!!!.
[	30-01-2019 17:55:56	] [KICK ACTION] Player: Chummytim has kicked: QuinJoes for: You have been kicked. Reason: Vechten greenzone.
[	30-01-2019 19:02:58	] [BAN ACTION] A new ban record has been added. Player: 'FeelsBadSam' was banned by 'Johnny' for 'Een ziekte instellen als je naam past niet in deze server.' until '31-1-2019 19:02:58'.
[	30-01-2019 19:54:00	] [BAN ACTION] A new ban record has been added. Player: 'Cypre' was banned by 'Chummytim' for 'Banned by staff.Iemand killen greenzone' until '31-1-2019 19:54:00'.
[	30-01-2019 20:39:50	] [BAN ACTION] A new ban record has been added. Player: 'VulleWestvloaming' was banned by 'Johnny' for 'Waarschuwing gehad. Niet over moeders beginnen.' until '31-1-2019 00:39:50'.
[	30-01-2019 21:04:29	] [KICK ACTION] Player: Chummytim has kicked: الأرداف جيدة for: You have been kicked. Reason: Failrp rijden!!.
[	30-01-2019 21:05:00	] [BAN ACTION] The following ban record has been removed (player unbanned). The player has been unbanned because their ban duration expired. [Player: AltijdMaarTijn was banned by Chummytim for Banned by staff.Failrp Persoon doodschieten om een auto te pakken until 30-1-2019 21:02:06.]
[	30-01-2019 21:09:07	] [BAN ACTION] A new ban record has been added. Player: 'Duncanlkk' was banned by 'Johnny' for 'RDM VDM DOEI' until '31-1-2019 02:09:07'.
[	30-01-2019 21:10:18	] [KICK ACTION] Player: Johnny has kicked: Winghot for: You have been kicked. Reason: VDM.
[	30-01-2019 21:13:15	] [BAN ACTION] The following ban record has been removed (player unbanned). [Player: VulleWestvloaming was banned by Johnny for Waarschuwing gehad. Niet over moeders beginnen. until 31-1-2019 00:39:50.]
[	30-01-2019 21:23:03	] [BAN ACTION] A new ban record has been added. Player: '' was banned by 'Chummytim' for 'Banned by staff.Je kan niet rollplayen dus ga maar lekker ergens anders vervelen!!!' until '1-1-3000 00:00:00' (forever).
[	31-01-2019 14:23:54	] [BAN ACTION] The following ban record has been removed (player unbanned). The player has been unbanned because their ban duration expired. [Player: Duncanlkk was banned by Johnny for RDM VDM DOEI until 31-1-2019 02:09:07.]
[	31-01-2019 16:38:47	] [BAN ACTION] The following ban record has been removed (player unbanned). [Player:  was banned by Chummytim for Banned by staff.Je kan niet rollplayen dus ga maar lekker ergens anders vervelen!!! until 1-1-3000 00:00:00.]
[	31-01-2019 17:08:02	] [KICK ACTION] Player: Chummytim has kicked: QuinJoes for: You have been kicked. Reason: Failrp tege politie, ga je gedragen!!.
[	31-01-2019 17:37:56	] [BAN ACTION] A new ban record has been added. Player: 'PatteX_' was banned by 'Chummytim' for 'Banned by staff.Let op je taalgebruik+ Failrp politie bellen terwijl je in de boeien zit' until '1-2-2019 05:37:56'.
[	31-01-2019 17:56:07	] [KICK ACTION] Player: Chummytim has kicked: Duncanlkk for: You have been kicked. Reason: Iemand killen in greenzone. Volgende is 24 uur ban!.
[	31-01-2019 20:55:20	] [BAN ACTION] A new ban record has been added. Player: 'Winghot' was banned by 'Chummytim' for 'Banned by staff.Overheids voertuig gestolen' until '1-2-2019 20:55:20'.
[	31-01-2019 20:55:53	] [BAN ACTION] The following ban record has been removed (player unbanned). [Player: Winghot was banned by Chummytim for Banned by staff.Overheids voertuig gestolen until 1-2-2019 20:55:20.]
[	31-01-2019 20:56:13	] [BAN ACTION] A new ban record has been added. Player: 'InvalidPlayerName' was banned by 'Chummytim' for 'Banned by staff.Overheids voertui' until '31-1-2019 22:26:13'.
[	31-01-2019 20:58:26	] [BAN ACTION] A new ban record has been added. Player: 'stef-raket' was banned by 'Chummytim' for 'Banned by staff.Overheids voertuig gestolen' until '1-2-2019 20:58:26'.
[	31-01-2019 22:11:00	] [BAN ACTION] The following ban record has been removed (player unbanned). The player has been unbanned because their ban duration expired. [Player: JnE'GG' was banned by Chummytim for Banned by staff. Kom maar terug als je serieus gaat spelen!! until 31-1-2019 21:23:51.]
[	01-02-2019 16:06:48	] [BAN ACTION] The following ban record has been removed (player unbanned). The player has been unbanned because their ban duration expired. [Player: Cypre was banned by Chummytim for Banned by staff.Iemand killen greenzone until 31-1-2019 19:54:00.]
[	01-02-2019 17:26:49	] [BAN ACTION] The following ban record has been removed (player unbanned). The player has been unbanned because their ban duration expired. [Player: FeelsBadSam was banned by Johnny for Een ziekte instellen als je naam past niet in deze server. until 31-1-2019 19:02:58.]
[	01-02-2019 17:29:25	] [BAN ACTION] A new ban record has been added. Player: 'FeelsBadSam' was banned by 'Chummytim' for 'Banned by staff. Idiote naam en geen respons!' until '1-1-3000 00:00:00' (forever).
[	01-02-2019 17:40:46	] [BAN ACTION] A new ban record has been added. Player: 'JnE'GG'' was banned by 'Chummytim' for 'Banned by staff.Failrp Tegen politie' until '2-2-2019 17:40:46'.
[	01-02-2019 20:27:01	] [BAN ACTION] A new ban record has been added. Player: 'QuinJoes' was banned by 'Chummytim' for 'Banned by staff.Failrp agenten slaan' until '4-2-2019 20:27:01'.
[	01-02-2019 20:48:57	] [BAN ACTION] A new ban record has been added. Player: 'RealKiller' was banned by 'Chummytim' for 'Banned by staff.Ambu doodslaan' until '2-2-2019 08:48:57'.
[	01-02-2019 20:59:01	] [BAN ACTION] A new ban record has been added. Player: 'Winghot' was banned by 'Chummytim' for 'Banned by staff.Failrp tegen politie' until '2-2-2019 20:59:01'.
[	01-02-2019 20:59:27	] [BAN ACTION] A new ban record has been added. Player: 'Qucee' was banned by 'Chummytim' for 'Banned by staff. Failrp tegen politie' until '2-2-2019 20:59:27'.
[	01-02-2019 21:12:43	] [BAN ACTION] A new ban record has been added. Player: 'Cypre' was banned by 'Chummytim' for 'Banned by staff.Zelf feilrp doen en als iemand anders wat doet gelijk huilen! ' until '1-1-3000 00:00:00' (forever).
[	01-02-2019 23:29:49	] [BAN ACTION] A new ban record has been added. Player: 'ZeroEnator' was banned by 'Chummytim' for 'Banned by staff. Failrp ' until '1-1-3000 00:00:00' (forever).
[	01-02-2019 23:56:17	] [KICK ACTION] Player: Chummytim has kicked: Peeks for: You have been kicked. Reason: Let op je taalgebruik!.
[	02-02-2019 13:25:13	] [BAN ACTION] A new ban record has been added. Player: 'JeManta' was banned by '1SERVER ADMIN' for 'SPEED HACKS' until '23-2-2019 09:25:13'.
[	02-02-2019 13:25:37	] [BAN ACTION] A new ban record has been added. Player: ':)Envozy:)' was banned by 'Chummytim' for 'Banned by staff.doei' until '1-1-3000 00:00:00' (forever).
[	02-02-2019 13:30:06	] [BAN ACTION] A new ban record has been added. Player: 'InvalidPlayerName' was banned by 'Chummytim' for 'Banned by staff. Schelden ' until '3-2-2019 13:30:06'.
[	02-02-2019 14:11:38	] [BAN ACTION] The following ban record has been removed (player unbanned). The player has been unbanned because their ban duration expired. [Player: RealKiller was banned by Chummytim for Banned by staff.Ambu doodslaan until 2-2-2019 08:48:57.]
[	02-02-2019 14:47:19	] [BAN ACTION] The following ban record has been removed (player unbanned). [Player: QuinJoes was banned by Chummytim for Banned by staff.Failrp agenten slaan until 4-2-2019 20:27:01.]
[	02-02-2019 15:27:26	] [BAN ACTION] The following ban record has been removed (player unbanned). [Player: Qucee was banned by Chummytim for Banned by staff. Failrp tegen politie until 2-2-2019 20:59:27.]
[	02-02-2019 21:33:57	] [BAN ACTION] The following ban record has been removed (player unbanned). The player has been unbanned because their ban duration expired. [Player: Winghot was banned by Chummytim for Banned by staff.Failrp tegen politie until 2-2-2019 20:59:01.]
[	02-02-2019 22:05:08	] [BAN ACTION] A new ban record has been added. Player: 'anass0180' was banned by '1SERVER ADMIN' for 'Combat loggen, niet de eerste keer.' until '3-2-2019 22:05:08'.
[	03-02-2019 14:38:38	] [BAN ACTION] A new ban record has been added. Player: 'Dypo' was banned by '1SERVER ADMIN' for 'Overheidsvoertuigen stelen. Lees de regels op discord!' until '4-2-2019 02:38:38'.
[	03-02-2019 16:31:57	] [BAN ACTION] A new ban record has been added. Player: 'Lucidious' was banned by 'Chummytim' for 'Banned by staff.Je bent een idioot met je speedhacks zielig mannetje' until '1-1-3000 00:00:00' (forever).
[	03-02-2019 16:36:07	] [BAN ACTION] A new ban record has been added. Player: 'Violetta Disapio' was banned by '1SERVER ADMIN' for 'FAIL RP. Je bent hier alleen om te kutten.' until '1-1-3000 00:00:00' (forever).
[	03-02-2019 19:32:29	] [KICK ACTION] Player: Chummytim has kicked: Muffin Time! for: You have been kicked. Reason: In dienst afk staan!.
[	03-02-2019 20:07:46	] [BAN ACTION] A new ban record has been added. Player: 'Duncanlkk' was banned by 'Satansmom' for 'Combatlog.' until '4-2-2019 20:07:46'.
[	03-02-2019 20:27:53	] [KICK ACTION] Player: Satansmom has kicked: Roleplay6000 for: You have been kicked. Reason: Ff regels lezen aub..
[	03-02-2019 20:33:01	] [BAN ACTION] A new ban record has been added. Player: 'DONGERL0RD' was banned by 'Chummytim' for 'Banned by staff. GTA style driving' until '4-2-2019 08:33:01'.
[	03-02-2019 21:00:47	] [BAN ACTION] A new ban record has been added. Player: 'Roleplay6000' was banned by 'Satansmom' for 'Genoeg tijd om de regels door te nemen.' until '4-2-2019 21:00:47'.
[	03-02-2019 21:09:28	] [BAN ACTION] A new ban record has been added. Player: 'I SUCK AT LIFE' was banned by '1SERVER ADMIN' for 'Regels lezen. Geen overheidsvoertuigen stelen.' until '4-2-2019 21:09:28'.
[	03-02-2019 21:09:28	] [BAN ACTION] A new ban record has been added. Player: 'RZR' was banned by 'Chummytim' for 'Banned by staff.Genoeg tijd om de regels te lezen' until '4-2-2019 21:09:28'.
[	03-02-2019 21:35:03	] [BAN ACTION] The following ban record has been removed (player unbanned). The player has been unbanned because their ban duration expired. [Player: JnE'GG' was banned by Chummytim for Banned by staff.Failrp Tegen politie until 2-2-2019 17:40:46.]
[	03-02-2019 21:42:12	] [BAN ACTION] A new ban record has been added. Player: 'JnE'GG'' was banned by 'Satansmom' for 'RDM VDM tijd om regels te lezen.' until '4-2-2019 21:42:12'.
[	03-02-2019 21:50:44	] [BAN ACTION] A new ban record has been added. Player: 'holycrapsgames' was banned by '1SERVER ADMIN' for 'Fail rp. Lees eerst even de regels.' until '4-2-2019 09:50:44'.
[	03-02-2019 22:05:33	] [BAN ACTION] The following ban record has been removed (player unbanned). The player has been unbanned because their ban duration expired. [Player: anass0180 was banned by 1SERVER ADMIN for Combat loggen, niet de eerste keer. until 3-2-2019 22:05:08.]
[	03-02-2019 22:55:14	] [BAN ACTION] A new ban record has been added. Player: 'Big Smoke' was banned by 'Satansmom' for 'VDM gta style driving.' until '4-2-2019 22:55:14'.
[	04-02-2019 11:33:58	] [BAN ACTION] The following ban record has been removed (player unbanned). The player has been unbanned because their ban duration expired. [Player: Dypo was banned by 1SERVER ADMIN for Overheidsvoertuigen stelen. Lees de regels op discord! until 4-2-2019 02:38:38.]
[	04-02-2019 12:25:51	] [BAN ACTION] A new ban record has been added. Player: 'Dypo' was banned by 'Satansmom' for 'Genoeg tijd om regels te lezen.' until '4-2-2019 15:25:51'.
[	04-02-2019 16:28:46	] [BAN ACTION] The following ban record has been removed (player unbanned). The player has been unbanned because their ban duration expired. [Player: Dypo was banned by Satansmom for Genoeg tijd om regels te lezen. until 4-2-2019 15:25:51.]
[	04-02-2019 18:10:43	] [KICK ACTION] Player: Chummytim has kicked: Dypo for: You have been kicked. Reason: Gta style driving.
[	04-02-2019 18:16:56	] [BAN ACTION] A new ban record has been added. Player: 'InvalidPlayerName' was banned by 'Chummytim' for 'Banned by staff.Je snapt het niet dus ga maar lekker gta online doen!' until '4-2-2019 19:46:56'.
[	04-02-2019 18:20:18	] [BAN ACTION] A new ban record has been added. Player: 'Dypo' was banned by 'Chummytim' for 'Jij snapt het niet, ga maar lekker gta online spelen met je vriendjes!' until '6-3-2019 18:20:18'.
[	04-02-2019 18:26:04	] [BAN ACTION] A new ban record has been added. Player: 'Itachi_Uchiha' was banned by 'Chummytim' for 'Ik heb je gewaarschuwd' until '6-3-2019 18:26:04'.
[	04-02-2019 18:41:00	] [BAN ACTION] A new ban record has been added. Player: 'Hoi' was banned by 'Chummytim' for 'houdoe groeten aan je moeder' until '1-1-3000 00:00:00' (forever).
[	04-02-2019 18:46:55	] [BAN ACTION] A new ban record has been added. Player: 'FhinxYT' was banned by 'Satansmom' for 'deine mutti swanz..' until '6-3-2019 18:46:55'.
[	04-02-2019 18:56:40	] [KICK ACTION] Player: Boyka has kicked: ℬ︎☿︎∀︎☨︎ℽ ☭ for: You have been kicked. Reason: Verander je naam!.
[	04-02-2019 20:17:29	] [KICK ACTION] Player: Chummytim has kicked: Qucee for: You have been kicked. Reason: VDM.
[	04-02-2019 20:21:51	] [KICK ACTION] Player: Satansmom has kicked: SuperDerp02 for: You have been kicked. Reason: Gta style driving.
[	04-02-2019 20:24:14	] [BAN ACTION] The following ban record has been removed (player unbanned). The player has been unbanned because their ban duration expired. [Player: Duncanlkk was banned by Satansmom for Combatlog. until 4-2-2019 20:07:46.]
[	04-02-2019 20:32:32	] [BAN ACTION] A new ban record has been added. Player: 'InvalidPlayerName' was banned by 'Chummytim' for 'Banned by staff.!!!!!!!!' until '1-1-3000 00:00:00' (forever).
[	04-02-2019 20:35:36	] [BAN ACTION] A new ban record has been added. Player: 'brendadriessen' was banned by 'Chummytim' for 'Ik heb je gewaarschuwd ' until '1-1-3000 00:00:00' (forever).
[	04-02-2019 20:43:42	] [BAN ACTION] A new ban record has been added. Player: 'Winghot' was banned by 'Satansmom' for 'gta style driving ff regels lezen!' until '5-2-2019 20:43:42'.
[	04-02-2019 21:23:11	] [BAN ACTION] A new ban record has been added. Player: 'MoneySpender' was banned by '1SERVER ADMIN' for 'VDM blokkenpark' until '6-2-2019 21:23:11'.
[	05-02-2019 13:23:07	] [BAN ACTION] The following ban record has been removed (player unbanned). The player has been unbanned because their ban duration expired. [Player: Firblo was banned by Johnny for RDM 2e keer. Eerst een kick gehad, nu een ban. until 30-1-2019 18:33:15.]
[	05-02-2019 18:33:46	] [BAN ACTION] The following ban record has been removed (player unbanned). The player has been unbanned because their ban duration expired. [Player: JnE'GG' was banned by Satansmom for RDM VDM tijd om regels te lezen. until 4-2-2019 21:42:12.]
[	05-02-2019 19:24:23	] [BAN ACTION] A new ban record has been added. Player: 'Tiny' was banned by 'Johnny' for 'Doden van ambulance. Niet toegestaan.' until '12-2-2019 19:24:23'.
[	05-02-2019 19:32:22	] [BAN ACTION] The following ban record has been removed (player unbanned). [Player: Tiny was banned by Johnny for Doden van ambulance. Niet toegestaan. until 12-2-2019 19:24:23.]
[	05-02-2019 20:16:49	] [BAN ACTION] A new ban record has been added. Player: 'Offset' was banned by 'Johnny' for 'Overheidsvoertuig gestolen' until '7-2-2019 20:16:49'.
[	05-02-2019 20:18:13	] [BAN ACTION] A new ban record has been added. Player: 'ackbar bruh' was banned by 'Chummytim' for 'Ga maar gta online doen! ' until '1-1-3000 00:00:00' (forever).
[	05-02-2019 20:29:37	] [BAN ACTION] A new ban record has been added. Player: 'xXBrunoXx' was banned by 'Johnny' for 'HACKS GEBRUIKEN. OETLUL.' until '1-1-3000 00:00:00' (forever).
[	06-02-2019 19:17:48	] [BAN ACTION] The following ban record has been removed (player unbanned). The player has been unbanned because their ban duration expired. [Player: Winghot was banned by Satansmom for gta style driving ff regels lezen! until 5-2-2019 20:43:42.]
[	06-02-2019 20:16:26	] [BAN ACTION] A new ban record has been added. Player: 'Winghot' was banned by 'Johnny' for 'VDM is opgenomen en ingestuurd. Geniet van je BAN.' until '13-2-2019 20:16:26'.
[	06-02-2019 21:56:30	] [BAN ACTION] A new ban record has been added. Player: 'Fylence' was banned by 'Johnny' for 'Politiewapens verkopen. Tegen onze serverregels!' until '13-2-2019 21:56:30'.
[	06-02-2019 22:07:26	] [BAN ACTION] A new ban record has been added. Player: 'Tiny' was banned by 'Johnny' for 'Greenzone VDM.' until '8-2-2019 22:07:26'.
[	07-02-2019 10:09:50	] [BAN ACTION] The following ban record has been removed (player unbanned). The player has been unbanned because their ban duration expired. [Player: MoneySpender was banned by 1SERVER ADMIN for VDM blokkenpark until 6-2-2019 21:23:11.]
